<?xml version="1.0" encoding="UTF-8"?>
<!-- Generated by org.testng.reporters.JUnitReportReporter -->
<testsuite skipped="0" hostname="Lenovo" name="com.testng.attributes.Description_Demo" tests="3" failures="0" timestamp="2022-11-14T23:09:56 IST" time="0.048" errors="0">
  <testcase name="ug" time="0.024" classname="com.testng.attributes.Description_Demo"/>
  <system-out/>
  <testcase name="hsc" time="0.008" classname="com.testng.attributes.Description_Demo"/>
  <system-out/>
  <testcase name="master_Degree" time="0.016" classname="com.testng.attributes.Description_Demo"/>
  <system-out/>
</testsuite> <!-- com.testng.attributes.Description_Demo -->
