<?xml version="1.0" encoding="UTF-8"?>
<!-- Generated by org.testng.reporters.JUnitReportReporter -->
<testsuite skipped="0" hostname="Lenovo" name="com.testng.attributes.Dataprovide_Sec" tests="3" failures="0" timestamp="2022-11-18T21:36:30 IST" time="0.555" errors="0">
  <testcase name="login" time="0.012" classname="com.testng.attributes.Dataprovide_Sec"/>
  <system-out/>
  <testcase name="login" time="0.530" classname="com.testng.attributes.Dataprovide_Sec"/>
  <system-out/>
  <testcase name="login" time="0.013" classname="com.testng.attributes.Dataprovide_Sec"/>
  <system-out/>
</testsuite> <!-- com.testng.attributes.Dataprovide_Sec -->
