<?xml version="1.0" encoding="UTF-8"?>
<!-- Generated by org.testng.reporters.JUnitReportReporter -->
<testsuite skipped="0" hostname="Lenovo" name="com.testng.attributes.Passing_Single_Data" tests="2" failures="0" timestamp="2022-11-19T19:15:18 IST" time="0.441" errors="0">
  <testcase name="login" time="0.425" classname="com.testng.attributes.Passing_Single_Data"/>
  <system-out/>
  <testcase name="sureNames" time="0.016" classname="com.testng.attributes.Passing_Single_Data"/>
  <system-out/>
</testsuite> <!-- com.testng.attributes.Passing_Single_Data -->
