<?xml version="1.0" encoding="UTF-8"?>
<!-- Generated by org.testng.reporters.JUnitReportReporter -->
<testsuite skipped="0" hostname="Lenovo" name="com.testng.attributes.Annotations_Prac" tests="2" failures="0" timestamp="2022-11-13T09:05:41 IST" time="0.032" errors="0">
  <testcase name="Causal_Dress" time="0.016" classname="com.testng.attributes.Annotations_Prac"/>
  <system-out/>
  <testcase name="evening_Dress" time="0.016" classname="com.testng.attributes.Annotations_Prac"/>
  <system-out/>
</testsuite> <!-- com.testng.attributes.Annotations_Prac -->
