<?xml version="1.0" encoding="UTF-8"?>
<!-- Generated by org.testng.reporters.JUnitReportReporter -->
<testsuite skipped="0" hostname="Lenovo" name="com.testng.attributes.Invocation_Demo" tests="4" failures="0" timestamp="2022-11-14T22:14:58 IST" time="0.024" errors="0">
  <testcase name="session_Created" time="0.024" classname="com.testng.attributes.Invocation_Demo"/>
  <system-out/>
  <testcase name="refresh" time="0.000" classname="com.testng.attributes.Invocation_Demo"/>
  <system-out/>
  <testcase name="refresh" time="0.000" classname="com.testng.attributes.Invocation_Demo"/>
  <system-out/>
  <testcase name="login" time="0.000" classname="com.testng.attributes.Invocation_Demo"/>
  <system-out/>
</testsuite> <!-- com.testng.attributes.Invocation_Demo -->
