<?xml version="1.0" encoding="UTF-8"?>
<!-- Generated by org.testng.reporters.JUnitReportReporter -->
<testsuite skipped="0" hostname="Lenovo" name="com.testng.attributes.Enabled_Demo" tests="2" failures="0" timestamp="2022-11-15T20:04:20 IST" time="0.016" errors="0">
  <testcase name="twitter" time="0.000" classname="com.testng.attributes.Enabled_Demo"/>
  <system-out/>
  <testcase name="instagram" time="0.016" classname="com.testng.attributes.Enabled_Demo"/>
  <system-out/>
</testsuite> <!-- com.testng.attributes.Enabled_Demo -->
