<?xml version="1.0" encoding="UTF-8"?>
<!-- Generated by org.testng.reporters.JUnitReportReporter -->
<testsuite skipped="0" hostname="Lenovo" name="com.testng.attributes.Depends_On_Method_Demo" tests="3" failures="0" timestamp="2022-11-15T18:52:16 IST" time="0.016" errors="0">
  <testcase name="vivo_Phone" time="0.000" classname="com.testng.attributes.Depends_On_Method_Demo"/>
  <system-out/>
  <testcase name="apple_Macbook" time="0.016" classname="com.testng.attributes.Depends_On_Method_Demo"/>
  <system-out/>
  <testcase name="Flipkart_Kit" time="0.000" classname="com.testng.attributes.Depends_On_Method_Demo"/>
  <system-out/>
</testsuite> <!-- com.testng.attributes.Depends_On_Method_Demo -->
