<?xml version="1.0" encoding="UTF-8"?>
<!-- Generated by org.testng.reporters.JUnitReportReporter -->
<testsuite skipped="0" hostname="Lenovo" name="com.testng.attributes.Depends_On__Demo" tests="3" failures="0" timestamp="2022-11-15T19:00:27 IST" time="0.031" errors="0">
  <testcase name="apple_Macbook" time="0.016" classname="com.testng.attributes.Depends_On__Demo"/>
  <system-out/>
  <testcase name="flipkart_Kit" time="0.000" classname="com.testng.attributes.Depends_On__Demo"/>
  <system-out/>
  <testcase name="vivo_Phone" time="0.015" classname="com.testng.attributes.Depends_On__Demo"/>
  <system-out/>
</testsuite> <!-- com.testng.attributes.Depends_On__Demo -->
