<?xml version="1.0" encoding="UTF-8"?>
<!-- Generated by org.testng.reporters.JUnitReportReporter -->
<testsuite skipped="0" hostname="Lenovo" name="com.testng.attributes.Invocation_Timeout_Demo" tests="3" failures="0" timestamp="2022-11-14T23:05:12 IST" time="15.793" errors="0">
  <testcase name="launch_Url" time="9.269" classname="com.testng.attributes.Invocation_Timeout_Demo"/>
  <system-out/>
  <testcase name="refresh_Page" time="4.540" classname="com.testng.attributes.Invocation_Timeout_Demo"/>
  <system-out/>
  <testcase name="email_Id" time="1.984" classname="com.testng.attributes.Invocation_Timeout_Demo"/>
  <system-out/>
</testsuite> <!-- com.testng.attributes.Invocation_Timeout_Demo -->
