<?xml version="1.0" encoding="UTF-8"?>
<!-- Generated by org.testng.reporters.JUnitReportReporter -->
<testsuite skipped="0" hostname="Lenovo" name="com.testng.attributes.Dp_Runner" tests="4" failures="0" timestamp="2022-11-18T19:11:05 IST" time="0.218" errors="0">
  <testcase name="user_Login" time="0.015" classname="com.testng.attributes.Dp_Runner"/>
  <system-out/>
  <testcase name="user_Login" time="0.171" classname="com.testng.attributes.Dp_Runner"/>
  <system-out/>
  <testcase name="user_Login" time="0.016" classname="com.testng.attributes.Dp_Runner"/>
  <system-out/>
  <testcase name="off_Address" time="0.016" classname="com.testng.attributes.Dp_Runner"/>
  <system-out/>
</testsuite> <!-- com.testng.attributes.Dp_Runner -->
