<?xml version="1.0" encoding="UTF-8"?>
<!-- Generated by org.testng.reporters.JUnitReportReporter -->
<testsuite skipped="0" hostname="Lenovo" name="com.testng.attributes.Dataprovider_Prac" tests="3" failures="0" timestamp="2022-11-18T19:11:25 IST" time="0.172" errors="0">
  <testcase name="login" time="0.156" classname="com.testng.attributes.Dataprovider_Prac"/>
  <system-out/>
  <testcase name="login" time="0.016" classname="com.testng.attributes.Dataprovider_Prac"/>
  <system-out/>
  <testcase name="login" time="0.000" classname="com.testng.attributes.Dataprovider_Prac"/>
  <system-out/>
</testsuite> <!-- com.testng.attributes.Dataprovider_Prac -->
