<?xml version="1.0" encoding="UTF-8"?>
<!-- Generated by org.testng.reporters.JUnitReportReporter -->
<testsuite skipped="0" hostname="Lenovo" name="com.testng.adactin.Runner_Adacatin_Hotel" tests="8" failures="0" timestamp="2022-11-20T10:04:24 IST" time="52.448" errors="0">
  <testcase name="browser" time="18.051" classname="com.testng.adactin.Runner_Adacatin_Hotel"/>
  <system-out/>
  <testcase name="url_Launch" time="4.928" classname="com.testng.adactin.Runner_Adacatin_Hotel"/>
  <system-out/>
  <testcase name="login" time="2.989" classname="com.testng.adactin.Runner_Adacatin_Hotel"/>
  <system-out/>
  <testcase name="search_Hotel" time="6.684" classname="com.testng.adactin.Runner_Adacatin_Hotel"/>
  <system-out/>
  <testcase name="select_Hotel" time="3.476" classname="com.testng.adactin.Runner_Adacatin_Hotel"/>
  <system-out/>
  <testcase name="book_Hotel" time="2.327" classname="com.testng.adactin.Runner_Adacatin_Hotel"/>
  <system-out/>
  <testcase name="confirm" time="11.609" classname="com.testng.adactin.Runner_Adacatin_Hotel"/>
  <system-out/>
  <testcase name="order" time="2.384" classname="com.testng.adactin.Runner_Adacatin_Hotel"/>
  <system-out/>
</testsuite> <!-- com.testng.adactin.Runner_Adacatin_Hotel -->
